<?xml version="1.0" encoding="UTF-8"?>
<!-- Generated by org.testng.reporters.JUnitReportReporter -->
<testsuite skipped="0" hostname="DESKTOP-51NR18P" name="runner.LoginUsingCucumber" tests="2" failures="0" timestamp="27 Mar 2019 14:04:46 GMT" time="14.454" errors="0">
  <testcase name="runScenario" time="7.777" classname="runner.LoginUsingCucumber"/>
  <testcase name="runScenario" time="6.677" classname="runner.LoginUsingCucumber"/>
</testsuite> <!-- runner.LoginUsingCucumber -->
