<?xml version="1.0" encoding="UTF-8"?>
<!-- Generated by org.testng.reporters.JUnitReportReporter -->
<testsuite skipped="0" hostname="DESKTOP-51NR18P" name="runner.CreateLeadUsingCucumber" tests="2" failures="0" timestamp="27 Mar 2019 14:04:46 GMT" time="42.219" errors="0">
  <testcase name="runScenario" time="21.218" classname="runner.CreateLeadUsingCucumber"/>
  <testcase name="runScenario" time="21.001" classname="runner.CreateLeadUsingCucumber"/>
</testsuite> <!-- runner.CreateLeadUsingCucumber -->
