<?xml version="1.0" encoding="UTF-8"?>
<!-- Generated by org.testng.reporters.JUnitReportReporter -->
<testsuite skipped="0" hostname="DESKTOP-51NR18P" name="com.yalla.testcases.TC002_CreateLead" tests="4" failures="0" timestamp="27 Mar 2019 12:31:41 GMT" time="231.267" errors="0">
  <testcase name="loginAndLogout" time="22.133" classname="com.yalla.testcases.TC002_CreateLead"/>
  <testcase name="loginAndLogout" time="22.865" classname="com.yalla.testcases.TC002_CreateLead"/>
  <testcase name="loginAndLogout" time="163.566" classname="com.yalla.testcases.TC002_CreateLead"/>
  <testcase name="loginAndLogout" time="22.703" classname="com.yalla.testcases.TC002_CreateLead"/>
</testsuite> <!-- com.yalla.testcases.TC002_CreateLead -->
