<?xml version="1.0" encoding="UTF-8"?>
<!-- Generated by org.testng.reporters.JUnitReportReporter -->
<testsuite skipped="0" hostname="DESKTOP-51NR18P" name="com.yalla.testcases.TC001_LoginAndLogout" tests="2" failures="0" timestamp="26 Mar 2019 10:32:44 GMT" time="18.084" errors="0">
  <testcase name="loginAndLogout" time="10.397" classname="com.yalla.testcases.TC001_LoginAndLogout"/>
  <testcase name="loginAndLogout" time="7.687" classname="com.yalla.testcases.TC001_LoginAndLogout"/>
</testsuite> <!-- com.yalla.testcases.TC001_LoginAndLogout -->
