<?xml version="1.0" encoding="UTF-8"?>
<!-- Generated by org.testng.reporters.JUnitReportReporter -->
<testsuite skipped="0" hostname="DESKTOP-51NR18P" name="runner.CreteLeadUsingCucumber" tests="2" failures="0" timestamp="27 Mar 2019 13:59:48 GMT" time="45.284" errors="0">
  <testcase name="runScenario" time="21.683" classname="runner.CreteLeadUsingCucumber"/>
  <testcase name="runScenario" time="23.601" classname="runner.CreteLeadUsingCucumber"/>
</testsuite> <!-- runner.CreteLeadUsingCucumber -->
